Using pre-set license
Built from '2020.3/staging' branch; Version is '2020.3.11f1 (99c7afb366b3) revision 10078127'; Using compiler version '192528614'; Build Type 'Release'
OS: 'Windows 10 Enterprise LTSC 2019; OS build 17763.2114; Version 1809; 64bit' Language: 'en' Physical Memory: 8028 MB
BatchMode: 1, IsHumanControllingUs: 0, StartBugReporterOnCrash: 0, Is64bit: 1, IsPro: 0

 COMMAND LINE ARGUMENTS:
C:\Program Files\Unity\Hub\Editor\2020.3.11f1\Editor\Unity.exe
-adb2
-batchMode
-noUpm
-name
AssetImportWorker0
-projectPath
D:/GithubLocal/FlickGames/Flick_MenuUI
-logFile
Logs/AssetImportWorker0.log
-srvPort
61677
Successfully changed project path to: D:/GithubLocal/FlickGames/Flick_MenuUI
D:/GithubLocal/FlickGames/Flick_MenuUI
Using Asset Import Pipeline V2.
Refreshing native plugins compatible for Editor in 29.37 ms, found 2 plugins.
Preloading 0 native plugins for Editor in 0.00 ms.
Initialize engine version: 2020.3.11f1 (99c7afb366b3)
[Subsystems] Discovering subsystems at path C:/Program Files/Unity/Hub/Editor/2020.3.11f1/Editor/Data/Resources/UnitySubsystems
[Subsystems] Discovering subsystems at path D:/GithubLocal/FlickGames/Flick_MenuUI/Assets
GfxDevice: creating device client; threaded=0
Direct3D:
    Version:  Direct3D 11.0 [level 11.1]
    Renderer: NVIDIA GeForce GTX 1650 (ID=0x1f91)
    Vendor:   
    VRAM:     3962 MB
    Driver:   30.0.14.7196
Initialize mono
Mono path[0] = 'C:/Program Files/Unity/Hub/Editor/2020.3.11f1/Editor/Data/Managed'
Mono path[1] = 'C:/Program Files/Unity/Hub/Editor/2020.3.11f1/Editor/Data/MonoBleedingEdge/lib/mono/unityjit'
Mono config path = 'C:/Program Files/Unity/Hub/Editor/2020.3.11f1/Editor/Data/MonoBleedingEdge/etc'
Using monoOptions --debugger-agent=transport=dt_socket,embedding=1,server=y,suspend=n,address=127.0.0.1:56680
Begin MonoManager ReloadAssembly
Registering precompiled unity dll's ...
Register platform support module: C:/Program Files/Unity/Hub/Editor/2020.3.11f1/Editor/Data/PlaybackEngines/WindowsStandaloneSupport/UnityEditor.WindowsStandalone.Extensions.dll
Registered in 0.001276 seconds.
Native extension for WindowsStandalone target not found
Refreshing native plugins compatible for Editor in 29.97 ms, found 2 plugins.
Preloading 0 native plugins for Editor in 0.00 ms.
Mono: successfully reloaded assembly
- Completed reload, in  1.684 seconds
Platform modules already initialized, skipping
Registering precompiled user dll's ...
Registered in 0.002130 seconds.
Begin MonoManager ReloadAssembly
Native extension for WindowsStandalone target not found
Refreshing native plugins compatible for Editor in 0.35 ms, found 2 plugins.
Preloading 0 native plugins for Editor in 0.00 ms.
Mono: successfully reloaded assembly
- Completed reload, in  0.935 seconds
Platform modules already initialized, skipping
========================================================================
Worker process is ready to serve import requests
Launched and connected shader compiler UnityShaderCompiler.exe after 0.04 seconds
Refreshing native plugins compatible for Editor in 0.35 ms, found 2 plugins.
Preloading 0 native plugins for Editor in 0.00 ms.
Unloading 1399 Unused Serialized files (Serialized files now loaded: 0)
System memory in use before: 67.9 MB.
System memory in use after: 68.0 MB.

Unloading 19 unused Assets to reduce memory usage. Loaded Objects now: 1833.
Total: 1.700300 ms (FindLiveObjects: 0.125900 ms CreateObjectMapping: 0.034900 ms MarkObjects: 1.468500 ms  DeleteObjects: 0.070300 ms)

========================================================================
Received Import Request.
  path: Assets/Prefabs/Fortune Wheel Window.prefab
  artifactKey: Guid(b276f23bd0fe7c34dbd5073a78f3e2f2) Importer(815301076,1909f56bfc062723c751e8b465ee728b)
Start importing Assets/Prefabs/Fortune Wheel Window.prefab using Guid(b276f23bd0fe7c34dbd5073a78f3e2f2) Importer(815301076,1909f56bfc062723c751e8b465ee728b)  -> (artifact id: 'd56fb64e7ee54af7af29557333140b99') in 0.051060 seconds
  Import took 0.140272 seconds .

========================================================================
Received Import Request.
  Time since last request: 215.372542 seconds.
  path: Assets/Prefabs/SpinWheel.prefab
  artifactKey: Guid(a734527e394067b418a18baf76670a85) Importer(815301076,1909f56bfc062723c751e8b465ee728b)
Start importing Assets/Prefabs/SpinWheel.prefab using Guid(a734527e394067b418a18baf76670a85) Importer(815301076,1909f56bfc062723c751e8b465ee728b)  -> (artifact id: '0bd0ad34e6b2a492b04f324b90b73425') in 0.006713 seconds
  Import took 0.020926 seconds .

========================================================================
Received Import Request.
  Time since last request: 101.918503 seconds.
  path: Assets/Scripts
  artifactKey: Guid(bb0ef426e5496714ebb9dc26545ec97e) Importer(815301076,1909f56bfc062723c751e8b465ee728b)
Start importing Assets/Scripts using Guid(bb0ef426e5496714ebb9dc26545ec97e) Importer(815301076,1909f56bfc062723c751e8b465ee728b)  -> (artifact id: 'ea79e6b6bedadea24b804f82efe76009') in 0.007226 seconds
  Import took 0.020830 seconds .

========================================================================
Received Prepare
Registering precompiled user dll's ...
Registered in 0.002449 seconds.
Begin MonoManager ReloadAssembly
Native extension for WindowsStandalone target not found
Refreshing native plugins compatible for Editor in 0.37 ms, found 2 plugins.
Preloading 0 native plugins for Editor in 0.00 ms.
Mono: successfully reloaded assembly
- Completed reload, in  0.981 seconds
Platform modules already initialized, skipping
Refreshing native plugins compatible for Editor in 0.33 ms, found 2 plugins.
Preloading 0 native plugins for Editor in 0.00 ms.
Unloading 1382 Unused Serialized files (Serialized files now loaded: 0)
System memory in use before: 66.7 MB.
System memory in use after: 66.7 MB.

Unloading 14 unused Assets to reduce memory usage. Loaded Objects now: 1837.
Total: 1.821300 ms (FindLiveObjects: 0.134500 ms CreateObjectMapping: 0.040400 ms MarkObjects: 1.601000 ms  DeleteObjects: 0.044600 ms)

========================================================================
Received Prepare
Registering precompiled user dll's ...
Registered in 0.004408 seconds.
Begin MonoManager ReloadAssembly
Native extension for WindowsStandalone target not found
Refreshing native plugins compatible for Editor in 0.38 ms, found 2 plugins.
Preloading 0 native plugins for Editor in 0.00 ms.
Mono: successfully reloaded assembly
- Completed reload, in  1.019 seconds
Platform modules already initialized, skipping
Refreshing native plugins compatible for Editor in 0.34 ms, found 2 plugins.
Preloading 0 native plugins for Editor in 0.00 ms.
Unloading 1382 Unused Serialized files (Serialized files now loaded: 0)
System memory in use before: 66.7 MB.
System memory in use after: 66.8 MB.

Unloading 14 unused Assets to reduce memory usage. Loaded Objects now: 1840.
Total: 1.623200 ms (FindLiveObjects: 0.129700 ms CreateObjectMapping: 0.039400 ms MarkObjects: 1.403700 ms  DeleteObjects: 0.049600 ms)

========================================================================
Received Import Request.
  Time since last request: 1036.890080 seconds.
  path: Assets/Scripts/MenuManager.cs
  artifactKey: Guid(f0a9dfdc285f03a469f65d2dae917a62) Importer(815301076,1909f56bfc062723c751e8b465ee728b)
Start importing Assets/Scripts/MenuManager.cs using Guid(f0a9dfdc285f03a469f65d2dae917a62) Importer(815301076,1909f56bfc062723c751e8b465ee728b)  -> (artifact id: '7df0073502dbfe9b6b1b72e9a37cf6cd') in 0.013224 seconds
  Import took 0.032371 seconds .

========================================================================
Received Prepare
Registering precompiled user dll's ...
Registered in 0.002055 seconds.
Begin MonoManager ReloadAssembly
Native extension for WindowsStandalone target not found
Refreshing native plugins compatible for Editor in 0.33 ms, found 2 plugins.
Preloading 0 native plugins for Editor in 0.00 ms.
Mono: successfully reloaded assembly
- Completed reload, in  0.892 seconds
Platform modules already initialized, skipping
Refreshing native plugins compatible for Editor in 0.40 ms, found 2 plugins.
Preloading 0 native plugins for Editor in 0.00 ms.
Unloading 1383 Unused Serialized files (Serialized files now loaded: 0)
System memory in use before: 66.7 MB.
System memory in use after: 66.8 MB.

Unloading 14 unused Assets to reduce memory usage. Loaded Objects now: 1844.
Total: 2.019400 ms (FindLiveObjects: 0.191000 ms CreateObjectMapping: 0.036300 ms MarkObjects: 1.738100 ms  DeleteObjects: 0.053100 ms)

========================================================================
Received Prepare
Registering precompiled user dll's ...
Registered in 0.009686 seconds.
Begin MonoManager ReloadAssembly
Native extension for WindowsStandalone target not found
Refreshing native plugins compatible for Editor in 0.33 ms, found 2 plugins.
Preloading 0 native plugins for Editor in 0.00 ms.
Mono: successfully reloaded assembly
- Completed reload, in  0.832 seconds
Platform modules already initialized, skipping
Refreshing native plugins compatible for Editor in 0.39 ms, found 2 plugins.
Preloading 0 native plugins for Editor in 0.00 ms.
Unloading 1383 Unused Serialized files (Serialized files now loaded: 0)
System memory in use before: 66.8 MB.
System memory in use after: 66.9 MB.

Unloading 14 unused Assets to reduce memory usage. Loaded Objects now: 1847.
Total: 1.912300 ms (FindLiveObjects: 0.139900 ms CreateObjectMapping: 0.037000 ms MarkObjects: 1.687300 ms  DeleteObjects: 0.047400 ms)

========================================================================
Received Import Request.
  Time since last request: 467.287892 seconds.
  path: Assets/Scripts/MenuManager.cs
  artifactKey: Guid(f0a9dfdc285f03a469f65d2dae917a62) Importer(815301076,1909f56bfc062723c751e8b465ee728b)
Start importing Assets/Scripts/MenuManager.cs using Guid(f0a9dfdc285f03a469f65d2dae917a62) Importer(815301076,1909f56bfc062723c751e8b465ee728b)  -> (artifact id: 'c1d3836ba30bdd24043299a3327d545c') in 0.006105 seconds
  Import took 0.021191 seconds .

========================================================================
Received Import Request.
  Time since last request: 135.133083 seconds.
  path: Assets/Scripts/FortuneWheelManager.cs
  artifactKey: Guid(45a8696ed5d14af46be9b59b35f91dfc) Importer(815301076,1909f56bfc062723c751e8b465ee728b)
Start importing Assets/Scripts/FortuneWheelManager.cs using Guid(45a8696ed5d14af46be9b59b35f91dfc) Importer(815301076,1909f56bfc062723c751e8b465ee728b)  -> (artifact id: 'ddcd135ed07132a85e8089062a791cda') in 0.007050 seconds
  Import took 0.011264 seconds .

========================================================================
Received Prepare
Registering precompiled user dll's ...
Registered in 0.002004 seconds.
Begin MonoManager ReloadAssembly
Native extension for WindowsStandalone target not found
Refreshing native plugins compatible for Editor in 0.34 ms, found 2 plugins.
Preloading 0 native plugins for Editor in 0.00 ms.
Mono: successfully reloaded assembly
- Completed reload, in  0.820 seconds
Platform modules already initialized, skipping
Refreshing native plugins compatible for Editor in 0.33 ms, found 2 plugins.
Preloading 0 native plugins for Editor in 0.00 ms.
Unloading 1383 Unused Serialized files (Serialized files now loaded: 0)
System memory in use before: 66.8 MB.
System memory in use after: 66.9 MB.

Unloading 14 unused Assets to reduce memory usage. Loaded Objects now: 1850.
Total: 1.695700 ms (FindLiveObjects: 0.140200 ms CreateObjectMapping: 0.042800 ms MarkObjects: 1.458500 ms  DeleteObjects: 0.053200 ms)

========================================================================
Received Import Request.
  Time since last request: 328.385988 seconds.
  path: Assets/Scenes
  artifactKey: Guid(dc019fdd39595bc4f9ebfbb3078bd333) Importer(815301076,1909f56bfc062723c751e8b465ee728b)
Start importing Assets/Scenes using Guid(dc019fdd39595bc4f9ebfbb3078bd333) Importer(815301076,1909f56bfc062723c751e8b465ee728b)  -> (artifact id: '45b4b3103d5979c98cd9d6d6332fbb84') in 0.009514 seconds
  Import took 1.739834 seconds .

========================================================================
Received Prepare
Registering precompiled user dll's ...
Registered in 0.002221 seconds.
Begin MonoManager ReloadAssembly
Native extension for WindowsStandalone target not found
Refreshing native plugins compatible for Editor in 0.35 ms, found 2 plugins.
Preloading 0 native plugins for Editor in 0.00 ms.
Mono: successfully reloaded assembly
- Completed reload, in  0.876 seconds
Platform modules already initialized, skipping
Refreshing native plugins compatible for Editor in 0.35 ms, found 2 plugins.
Preloading 0 native plugins for Editor in 0.00 ms.
Unloading 1383 Unused Serialized files (Serialized files now loaded: 0)
System memory in use before: 66.8 MB.
System memory in use after: 66.9 MB.

Unloading 14 unused Assets to reduce memory usage. Loaded Objects now: 1853.
Total: 1.795100 ms (FindLiveObjects: 0.132700 ms CreateObjectMapping: 0.040600 ms MarkObjects: 1.577400 ms  DeleteObjects: 0.043500 ms)

========================================================================
Received Import Request.
  Time since last request: 12.965130 seconds.
  path: Assets/Scenes/Game.unity
  artifactKey: Guid(f032e4c1263c88644aa128cd6971c3a9) Importer(815301076,1909f56bfc062723c751e8b465ee728b)
Start importing Assets/Scenes/Game.unity using Guid(f032e4c1263c88644aa128cd6971c3a9) Importer(815301076,1909f56bfc062723c751e8b465ee728b)  -> (artifact id: '968b07fd36abd39147a86c7db86c8e39') in 0.017686 seconds
  Import took 0.060252 seconds .

========================================================================
Received Prepare
Registering precompiled user dll's ...
Registered in 0.002061 seconds.
Begin MonoManager ReloadAssembly
Native extension for WindowsStandalone target not found
Refreshing native plugins compatible for Editor in 0.34 ms, found 2 plugins.
Preloading 0 native plugins for Editor in 0.00 ms.
Mono: successfully reloaded assembly
- Completed reload, in  0.857 seconds
Platform modules already initialized, skipping
Refreshing native plugins compatible for Editor in 0.33 ms, found 2 plugins.
Preloading 0 native plugins for Editor in 0.00 ms.
Unloading 1383 Unused Serialized files (Serialized files now loaded: 0)
System memory in use before: 66.8 MB.
System memory in use after: 66.9 MB.

Unloading 14 unused Assets to reduce memory usage. Loaded Objects now: 1856.
Total: 1.703800 ms (FindLiveObjects: 0.123800 ms CreateObjectMapping: 0.039000 ms MarkObjects: 1.494300 ms  DeleteObjects: 0.045900 ms)

AssetImportWorkerClient::OnTransportError - code=2 error=End of file
